This file contains any messages produced by compilers while
running configure, to aid debugging if configure makes a mistake.

It was created by indel-seq-gen configure 2.2.14, which was
generated by GNU Autoconf 2.68.  Invocation command line was

  $ ./configure 

## --------- ##
## Platform. ##
## --------- ##

hostname = Corys-MacBook-Pro.local
uname -m = x86_64
uname -r = 11.3.0
uname -s = Darwin
uname -v = Darwin Kernel Version 11.3.0: Thu Jan 12 18:47:41 PST 2012; root:xnu-1699.24.23~1/RELEASE_X86_64

/usr/bin/uname -p = i386
/bin/uname -X     = unknown

/bin/arch              = unknown
/usr/bin/arch -k       = unknown
/usr/convex/getsysinfo = unknown
/usr/bin/hostinfo      = Mach kernel version:
	 Darwin Kernel Version 11.3.0: Thu Jan 12 18:47:41 PST 2012; root:xnu-1699.24.23~1/RELEASE_X86_64
Kernel configured for up to 4 processors.
2 processors are physically available.
4 processors are logically available.
Processor type: i486 (Intel 80486)
Processors active: 0 1 2 3
Primary memory available: 4.00 gigabytes
Default processor set: 77 tasks, 385 threads, 4 processors
Load average: 0.88, Mach factor: 3.11
/bin/machine           = unknown
/usr/bin/oslevel       = unknown
/bin/universe          = unknown

PATH: /Users/corystrope/bin
PATH: /opt/local/bin
PATH: /opt/local/sbin
PATH: /usr/bin
PATH: /bin
PATH: /usr/sbin
PATH: /sbin
PATH: /usr/local/bin
PATH: /usr/X11/bin
PATH: /usr/texbin


## ----------- ##
## Core tests. ##
## ----------- ##

configure:2355: checking for a BSD-compatible install
configure:2423: result: /usr/bin/install -c
configure:2434: checking whether build environment is sane
configure:2484: result: yes
configure:2625: checking for a thread-safe mkdir -p
configure:2664: result: ./install-sh -c -d
configure:2677: checking for gawk
configure:2707: result: no
configure:2677: checking for mawk
configure:2707: result: no
configure:2677: checking for nawk
configure:2707: result: no
configure:2677: checking for awk
configure:2693: found /usr/bin/awk
configure:2704: result: awk
configure:2715: checking whether make sets $(MAKE)
configure:2737: result: yes
configure:2869: checking for gcc
configure:2885: found /usr/bin/gcc
configure:2896: result: gcc
configure:3125: checking for C compiler version
configure:3134: gcc --version >&5
i686-apple-darwin11-llvm-gcc-4.2 (GCC) 4.2.1 (Based on Apple Inc. build 5658) (LLVM build 2336.9.00)
Copyright (C) 2007 Free Software Foundation, Inc.
This is free software; see the source for copying conditions.  There is NO
warranty; not even for MERCHANTABILITY or FITNESS FOR A PARTICULAR PURPOSE.

configure:3145: $? = 0
configure:3134: gcc -v >&5
Using built-in specs.
Target: i686-apple-darwin11
Configured with: /private/var/tmp/llvmgcc42/llvmgcc42-2336.9~22/src/configure --disable-checking --enable-werror --prefix=/Applications/Xcode.app/Contents/Developer/usr/llvm-gcc-4.2 --mandir=/share/man --enable-languages=c,objc,c++,obj-c++ --program-prefix=llvm- --program-transform-name=/^[cg][^.-]*$/s/$/-4.2/ --with-slibdir=/usr/lib --build=i686-apple-darwin11 --enable-llvm=/private/var/tmp/llvmgcc42/llvmgcc42-2336.9~22/dst-llvmCore/Developer/usr/local --program-prefix=i686-apple-darwin11- --host=x86_64-apple-darwin11 --target=i686-apple-darwin11 --with-gxx-include-dir=/usr/include/c++/4.2.1
Thread model: posix
gcc version 4.2.1 (Based on Apple Inc. build 5658) (LLVM build 2336.9.00)
configure:3145: $? = 0
configure:3134: gcc -V >&5
llvm-gcc-4.2: argument to `-V' is missing
configure:3145: $? = 1
configure:3134: gcc -qversion >&5
i686-apple-darwin11-llvm-gcc-4.2: no input files
configure:3145: $? = 1
configure:3165: checking whether the C compiler works
configure:3187: gcc    conftest.c  >&5
configure:3191: $? = 0
configure:3239: result: yes
configure:3242: checking for C compiler default output file name
configure:3244: result: a.out
configure:3250: checking for suffix of executables
configure:3257: gcc -o conftest    conftest.c  >&5
configure:3261: $? = 0
configure:3283: result: 
configure:3305: checking whether we are cross compiling
configure:3313: gcc -o conftest    conftest.c  >&5
configure:3317: $? = 0
configure:3324: ./conftest
configure:3328: $? = 0
configure:3343: result: no
configure:3348: checking for suffix of object files
configure:3370: gcc -c   conftest.c >&5
configure:3374: $? = 0
configure:3395: result: o
configure:3399: checking whether we are using the GNU C compiler
configure:3418: gcc -c   conftest.c >&5
configure:3418: $? = 0
configure:3427: result: yes
configure:3436: checking whether gcc accepts -g
configure:3456: gcc -c -g  conftest.c >&5
configure:3456: $? = 0
configure:3497: result: yes
configure:3514: checking for gcc option to accept ISO C89
configure:3578: gcc  -c -g -O2  conftest.c >&5
configure:3578: $? = 0
configure:3591: result: none needed
configure:3622: checking for style of include used by make
configure:3650: result: GNU
configure:3676: checking dependency style of gcc
configure:3787: result: gcc3
configure:3845: checking for ranlib
configure:3861: found /usr/bin/ranlib
configure:3872: result: ranlib
configure:3955: checking for g++
configure:3971: found /usr/bin/g++
configure:3982: result: g++
configure:4009: checking for C++ compiler version
configure:4018: g++ --version >&5
i686-apple-darwin11-llvm-g++-4.2 (GCC) 4.2.1 (Based on Apple Inc. build 5658) (LLVM build 2336.9.00)
Copyright (C) 2007 Free Software Foundation, Inc.
This is free software; see the source for copying conditions.  There is NO
warranty; not even for MERCHANTABILITY or FITNESS FOR A PARTICULAR PURPOSE.

configure:4029: $? = 0
configure:4018: g++ -v >&5
Using built-in specs.
Target: i686-apple-darwin11
Configured with: /private/var/tmp/llvmgcc42/llvmgcc42-2336.9~22/src/configure --disable-checking --enable-werror --prefix=/Applications/Xcode.app/Contents/Developer/usr/llvm-gcc-4.2 --mandir=/share/man --enable-languages=c,objc,c++,obj-c++ --program-prefix=llvm- --program-transform-name=/^[cg][^.-]*$/s/$/-4.2/ --with-slibdir=/usr/lib --build=i686-apple-darwin11 --enable-llvm=/private/var/tmp/llvmgcc42/llvmgcc42-2336.9~22/dst-llvmCore/Developer/usr/local --program-prefix=i686-apple-darwin11- --host=x86_64-apple-darwin11 --target=i686-apple-darwin11 --with-gxx-include-dir=/usr/include/c++/4.2.1
Thread model: posix
gcc version 4.2.1 (Based on Apple Inc. build 5658) (LLVM build 2336.9.00)
configure:4029: $? = 0
configure:4018: g++ -V >&5
llvm-g++-4.2: argument to `-V' is missing
configure:4029: $? = 1
configure:4018: g++ -qversion >&5
i686-apple-darwin11-llvm-g++-4.2: no input files
configure:4029: $? = 1
configure:4033: checking whether we are using the GNU C++ compiler
configure:4052: g++ -c   conftest.cpp >&5
configure:4052: $? = 0
configure:4061: result: yes
configure:4070: checking whether g++ accepts -g
configure:4090: g++ -c -g  conftest.cpp >&5
configure:4090: $? = 0
configure:4131: result: yes
configure:4156: checking dependency style of g++
configure:4267: result: gcc3
configure:4287: checking how to run the C++ preprocessor
configure:4314: g++ -E  conftest.cpp
configure:4314: $? = 0
configure:4328: g++ -E  conftest.cpp
conftest.cpp:11:28: error: ac_nonexistent.h: No such file or directory
configure:4328: $? = 1
configure: failed program was:
| /* confdefs.h */
| #define PACKAGE_NAME "indel-seq-gen"
| #define PACKAGE_TARNAME "indel-seq-gen"
| #define PACKAGE_VERSION "2.2.14"
| #define PACKAGE_STRING "indel-seq-gen 2.2.14"
| #define PACKAGE_BUGREPORT "corystrope@gmail.com"
| #define PACKAGE_URL ""
| #define PACKAGE "indel-seq-gen"
| #define VERSION "2.2.14"
| /* end confdefs.h.  */
| #include <ac_nonexistent.h>
configure:4353: result: g++ -E
configure:4373: g++ -E  conftest.cpp
configure:4373: $? = 0
configure:4387: g++ -E  conftest.cpp
conftest.cpp:11:28: error: ac_nonexistent.h: No such file or directory
configure:4387: $? = 1
configure: failed program was:
| /* confdefs.h */
| #define PACKAGE_NAME "indel-seq-gen"
| #define PACKAGE_TARNAME "indel-seq-gen"
| #define PACKAGE_VERSION "2.2.14"
| #define PACKAGE_STRING "indel-seq-gen 2.2.14"
| #define PACKAGE_BUGREPORT "corystrope@gmail.com"
| #define PACKAGE_URL ""
| #define PACKAGE "indel-seq-gen"
| #define VERSION "2.2.14"
| /* end confdefs.h.  */
| #include <ac_nonexistent.h>
configure:4426: checking for main in -lm
configure:4445: g++ -o conftest -g -O2   conftest.cpp -lm   >&5
configure:4445: $? = 0
configure:4454: result: yes
configure:4468: checking for grep that handles long lines and -e
configure:4526: result: /usr/bin/grep
configure:4531: checking for egrep
configure:4593: result: /usr/bin/grep -E
configure:4598: checking for ANSI C header files
configure:4618: g++ -c -g -O2  conftest.cpp >&5
configure:4618: $? = 0
configure:4691: g++ -o conftest -g -O2   conftest.cpp -lm  >&5
configure:4691: $? = 0
configure:4691: ./conftest
configure:4691: $? = 0
configure:4702: result: yes
configure:4715: checking for sys/types.h
configure:4715: g++ -c -g -O2  conftest.cpp >&5
configure:4715: $? = 0
configure:4715: result: yes
configure:4715: checking for sys/stat.h
configure:4715: g++ -c -g -O2  conftest.cpp >&5
configure:4715: $? = 0
configure:4715: result: yes
configure:4715: checking for stdlib.h
configure:4715: g++ -c -g -O2  conftest.cpp >&5
configure:4715: $? = 0
configure:4715: result: yes
configure:4715: checking for string.h
configure:4715: g++ -c -g -O2  conftest.cpp >&5
configure:4715: $? = 0
configure:4715: result: yes
configure:4715: checking for memory.h
configure:4715: g++ -c -g -O2  conftest.cpp >&5
configure:4715: $? = 0
configure:4715: result: yes
configure:4715: checking for strings.h
configure:4715: g++ -c -g -O2  conftest.cpp >&5
configure:4715: $? = 0
configure:4715: result: yes
configure:4715: checking for inttypes.h
configure:4715: g++ -c -g -O2  conftest.cpp >&5
configure:4715: $? = 0
configure:4715: result: yes
configure:4715: checking for stdint.h
configure:4715: g++ -c -g -O2  conftest.cpp >&5
configure:4715: $? = 0
configure:4715: result: yes
configure:4715: checking for unistd.h
configure:4715: g++ -c -g -O2  conftest.cpp >&5
configure:4715: $? = 0
configure:4715: result: yes
configure:4730: checking limits.h usability
configure:4730: g++ -c -g -O2  conftest.cpp >&5
configure:4730: $? = 0
configure:4730: result: yes
configure:4730: checking limits.h presence
configure:4730: g++ -E  conftest.cpp
configure:4730: $? = 0
configure:4730: result: yes
configure:4730: checking for limits.h
configure:4730: result: yes
configure:4730: checking for stdlib.h
configure:4730: result: yes
configure:4730: checking for string.h
configure:4730: result: yes
configure:4730: checking for unistd.h
configure:4730: result: yes
configure:4730: checking getopt.h usability
configure:4730: g++ -c -g -O2  conftest.cpp >&5
configure:4730: $? = 0
configure:4730: result: yes
configure:4730: checking getopt.h presence
configure:4730: g++ -E  conftest.cpp
configure:4730: $? = 0
configure:4730: result: yes
configure:4730: checking for getopt.h
configure:4730: result: yes
configure:4748: checking for getopt.h
configure:4748: result: yes
configure:4765: checking for getopt_long_only
configure:4765: g++ -o conftest -g -O2   conftest.cpp -lm  >&5
configure:4765: $? = 0
configure:4765: result: yes
configure:4779: checking whether optreset is declared
configure:4779: g++ -c -g -O2  conftest.cpp >&5
configure:4779: $? = 0
configure:4779: result: yes
configure:4837: checking whether getenv is declared
configure:4837: g++ -c -g -O2  conftest.cpp >&5
configure:4837: $? = 0
configure:4837: result: yes
configure:4879: checking whether the preprocessor supports include_next
configure:4907: g++ -c -g -O2  -Iconftestd1 -Iconftestd2 conftest.cpp >&5
configure:4907: $? = 0
configure:4917: result: yes
configure:4937: checking for unistd.h
configure:4937: result: yes
configure:5081: checking for stdbool.h that conforms to C99
configure:5148: g++ -c -g -O2  conftest.cpp >&5
configure:5148: $? = 0
configure:5155: result: yes
configure:5157: checking for _Bool
configure:5157: g++ -c -g -O2  conftest.cpp >&5
conftest.cpp: In function 'int main()':
conftest.cpp:69: error: '_Bool' was not declared in this scope
configure:5157: $? = 1
configure: failed program was:
| /* confdefs.h */
| #define PACKAGE_NAME "indel-seq-gen"
| #define PACKAGE_TARNAME "indel-seq-gen"
| #define PACKAGE_VERSION "2.2.14"
| #define PACKAGE_STRING "indel-seq-gen 2.2.14"
| #define PACKAGE_BUGREPORT "corystrope@gmail.com"
| #define PACKAGE_URL ""
| #define PACKAGE "indel-seq-gen"
| #define VERSION "2.2.14"
| #define HAVE_LIBM 1
| #define STDC_HEADERS 1
| #define HAVE_SYS_TYPES_H 1
| #define HAVE_SYS_STAT_H 1
| #define HAVE_STDLIB_H 1
| #define HAVE_STRING_H 1
| #define HAVE_MEMORY_H 1
| #define HAVE_STRINGS_H 1
| #define HAVE_INTTYPES_H 1
| #define HAVE_STDINT_H 1
| #define HAVE_UNISTD_H 1
| #define HAVE_LIMITS_H 1
| #define HAVE_STDLIB_H 1
| #define HAVE_STRING_H 1
| #define HAVE_UNISTD_H 1
| #define HAVE_GETOPT_H 1
| #define HAVE_GETOPT_H 1
| #define HAVE_GETOPT_LONG_ONLY 1
| #define HAVE_DECL_GETENV 1
| #define HAVE_INCLUDE_NEXT 1
| #define HAVE_UNISTD_H 1
| #define __GETOPT_PREFIX rpl_
| /* end confdefs.h.  */
| #include <stdio.h>
| #ifdef HAVE_SYS_TYPES_H
| # include <sys/types.h>
| #endif
| #ifdef HAVE_SYS_STAT_H
| # include <sys/stat.h>
| #endif
| #ifdef STDC_HEADERS
| # include <stdlib.h>
| # include <stddef.h>
| #else
| # ifdef HAVE_STDLIB_H
| #  include <stdlib.h>
| # endif
| #endif
| #ifdef HAVE_STRING_H
| # if !defined STDC_HEADERS && defined HAVE_MEMORY_H
| #  include <memory.h>
| # endif
| # include <string.h>
| #endif
| #ifdef HAVE_STRINGS_H
| # include <strings.h>
| #endif
| #ifdef HAVE_INTTYPES_H
| # include <inttypes.h>
| #endif
| #ifdef HAVE_STDINT_H
| # include <stdint.h>
| #endif
| #ifdef HAVE_UNISTD_H
| # include <unistd.h>
| #endif
| int
| main ()
| {
| if (sizeof (_Bool))
| 	 return 0;
|   ;
|   return 0;
| }
configure:5157: result: no
configure:5173: checking for an ANSI C-conforming const
configure:5238: g++ -c -g -O2  conftest.cpp >&5
configure:5238: $? = 0
configure:5245: result: yes
configure:5253: checking for size_t
configure:5253: g++ -c -g -O2  conftest.cpp >&5
configure:5253: $? = 0
configure:5253: g++ -c -g -O2  conftest.cpp >&5
conftest.cpp: In function 'int main()':
conftest.cpp:70: error: expected primary-expression before ')' token
configure:5253: $? = 1
configure: failed program was:
| /* confdefs.h */
| #define PACKAGE_NAME "indel-seq-gen"
| #define PACKAGE_TARNAME "indel-seq-gen"
| #define PACKAGE_VERSION "2.2.14"
| #define PACKAGE_STRING "indel-seq-gen 2.2.14"
| #define PACKAGE_BUGREPORT "corystrope@gmail.com"
| #define PACKAGE_URL ""
| #define PACKAGE "indel-seq-gen"
| #define VERSION "2.2.14"
| #define HAVE_LIBM 1
| #define STDC_HEADERS 1
| #define HAVE_SYS_TYPES_H 1
| #define HAVE_SYS_STAT_H 1
| #define HAVE_STDLIB_H 1
| #define HAVE_STRING_H 1
| #define HAVE_MEMORY_H 1
| #define HAVE_STRINGS_H 1
| #define HAVE_INTTYPES_H 1
| #define HAVE_STDINT_H 1
| #define HAVE_UNISTD_H 1
| #define HAVE_LIMITS_H 1
| #define HAVE_STDLIB_H 1
| #define HAVE_STRING_H 1
| #define HAVE_UNISTD_H 1
| #define HAVE_GETOPT_H 1
| #define HAVE_GETOPT_H 1
| #define HAVE_GETOPT_LONG_ONLY 1
| #define HAVE_DECL_GETENV 1
| #define HAVE_INCLUDE_NEXT 1
| #define HAVE_UNISTD_H 1
| #define __GETOPT_PREFIX rpl_
| #define HAVE_STDBOOL_H 1
| /* end confdefs.h.  */
| #include <stdio.h>
| #ifdef HAVE_SYS_TYPES_H
| # include <sys/types.h>
| #endif
| #ifdef HAVE_SYS_STAT_H
| # include <sys/stat.h>
| #endif
| #ifdef STDC_HEADERS
| # include <stdlib.h>
| # include <stddef.h>
| #else
| # ifdef HAVE_STDLIB_H
| #  include <stdlib.h>
| # endif
| #endif
| #ifdef HAVE_STRING_H
| # if !defined STDC_HEADERS && defined HAVE_MEMORY_H
| #  include <memory.h>
| # endif
| # include <string.h>
| #endif
| #ifdef HAVE_STRINGS_H
| # include <strings.h>
| #endif
| #ifdef HAVE_INTTYPES_H
| # include <inttypes.h>
| #endif
| #ifdef HAVE_STDINT_H
| # include <stdint.h>
| #endif
| #ifdef HAVE_UNISTD_H
| # include <unistd.h>
| #endif
| int
| main ()
| {
| if (sizeof ((size_t)))
| 	    return 0;
|   ;
|   return 0;
| }
configure:5253: result: yes
configure:5264: checking for inline
configure:5280: g++ -c -g -O2  conftest.cpp >&5
configure:5280: $? = 0
configure:5288: result: inline
configure:5306: checking whether byte ordering is bigendian
configure:5321: g++ -c -g -O2  conftest.cpp >&5
configure:5321: $? = 0
configure:5366: g++ -c -g -O2  conftest.cpp >&5
configure:5366: $? = 0
configure:5384: g++ -c -g -O2  conftest.cpp >&5
conftest.cpp: In function 'int main()':
conftest.cpp:41: error: 'big' was not declared in this scope
conftest.cpp:41: error: expected `;' before 'endian'
configure:5384: $? = 1
configure: failed program was:
| /* confdefs.h */
| #define PACKAGE_NAME "indel-seq-gen"
| #define PACKAGE_TARNAME "indel-seq-gen"
| #define PACKAGE_VERSION "2.2.14"
| #define PACKAGE_STRING "indel-seq-gen 2.2.14"
| #define PACKAGE_BUGREPORT "corystrope@gmail.com"
| #define PACKAGE_URL ""
| #define PACKAGE "indel-seq-gen"
| #define VERSION "2.2.14"
| #define HAVE_LIBM 1
| #define STDC_HEADERS 1
| #define HAVE_SYS_TYPES_H 1
| #define HAVE_SYS_STAT_H 1
| #define HAVE_STDLIB_H 1
| #define HAVE_STRING_H 1
| #define HAVE_MEMORY_H 1
| #define HAVE_STRINGS_H 1
| #define HAVE_INTTYPES_H 1
| #define HAVE_STDINT_H 1
| #define HAVE_UNISTD_H 1
| #define HAVE_LIMITS_H 1
| #define HAVE_STDLIB_H 1
| #define HAVE_STRING_H 1
| #define HAVE_UNISTD_H 1
| #define HAVE_GETOPT_H 1
| #define HAVE_GETOPT_H 1
| #define HAVE_GETOPT_LONG_ONLY 1
| #define HAVE_DECL_GETENV 1
| #define HAVE_INCLUDE_NEXT 1
| #define HAVE_UNISTD_H 1
| #define __GETOPT_PREFIX rpl_
| #define HAVE_STDBOOL_H 1
| /* end confdefs.h.  */
| #include <sys/types.h>
| 		#include <sys/param.h>
| 
| int
| main ()
| {
| #if BYTE_ORDER != BIG_ENDIAN
| 		 not big endian
| 		#endif
| 
|   ;
|   return 0;
| }
configure:5512: result: no
configure:5534: checking for stdlib.h
configure:5534: result: yes
configure:5544: checking for GNU libc compatible malloc
configure:5568: g++ -o conftest -g -O2   conftest.cpp -lm  >&5
configure:5568: $? = 0
configure:5568: ./conftest
configure:5568: $? = 0
configure:5578: result: yes
configure:5602: checking for pow
configure:5602: g++ -o conftest -g -O2   conftest.cpp -lm  >&5
configure:5602: $? = 0
configure:5602: result: yes
configure:5602: checking for sqrt
configure:5602: g++ -o conftest -g -O2   conftest.cpp -lm  >&5
configure:5602: $? = 0
configure:5602: result: yes
configure:5795: creating ./config.status

## ---------------------- ##
## Running config.status. ##
## ---------------------- ##

This file was extended by indel-seq-gen config.status 2.2.14, which was
generated by GNU Autoconf 2.68.  Invocation command line was

  CONFIG_FILES    = 
  CONFIG_HEADERS  = 
  CONFIG_LINKS    = 
  CONFIG_COMMANDS = 
  $ ./config.status 

on Corys-MacBook-Pro.local

config.status:929: creating Makefile
config.status:929: creating lib/Makefile
config.status:929: creating data/Makefile
config.status:929: creating doc/Makefile
config.status:929: creating src/Makefile
config.status:929: creating config.h
config.status:1110: config.h is unchanged
config.status:1158: executing depfiles commands

## ---------------- ##
## Cache variables. ##
## ---------------- ##

ac_cv_c_bigendian=no
ac_cv_c_compiler_gnu=yes
ac_cv_c_const=yes
ac_cv_c_inline=inline
ac_cv_cxx_compiler_gnu=yes
ac_cv_env_CCC_set=
ac_cv_env_CCC_value=
ac_cv_env_CC_set=
ac_cv_env_CC_value=
ac_cv_env_CFLAGS_set=
ac_cv_env_CFLAGS_value=
ac_cv_env_CPPFLAGS_set=
ac_cv_env_CPPFLAGS_value=
ac_cv_env_CXXCPP_set=
ac_cv_env_CXXCPP_value=
ac_cv_env_CXXFLAGS_set=
ac_cv_env_CXXFLAGS_value=
ac_cv_env_CXX_set=
ac_cv_env_CXX_value=
ac_cv_env_LDFLAGS_set=
ac_cv_env_LDFLAGS_value=
ac_cv_env_LIBS_set=
ac_cv_env_LIBS_value=
ac_cv_env_build_alias_set=
ac_cv_env_build_alias_value=
ac_cv_env_host_alias_set=
ac_cv_env_host_alias_value=
ac_cv_env_target_alias_set=
ac_cv_env_target_alias_value=
ac_cv_func_getopt_long_only=yes
ac_cv_func_malloc_0_nonnull=yes
ac_cv_func_pow=yes
ac_cv_func_sqrt=yes
ac_cv_have_decl_getenv=yes
ac_cv_have_decl_optreset=yes
ac_cv_header_getopt_h=yes
ac_cv_header_inttypes_h=yes
ac_cv_header_limits_h=yes
ac_cv_header_memory_h=yes
ac_cv_header_stdbool_h=yes
ac_cv_header_stdc=yes
ac_cv_header_stdint_h=yes
ac_cv_header_stdlib_h=yes
ac_cv_header_string_h=yes
ac_cv_header_strings_h=yes
ac_cv_header_sys_stat_h=yes
ac_cv_header_sys_types_h=yes
ac_cv_header_unistd_h=yes
ac_cv_lib_m_main=yes
ac_cv_objext=o
ac_cv_path_EGREP='/usr/bin/grep -E'
ac_cv_path_GREP=/usr/bin/grep
ac_cv_path_install='/usr/bin/install -c'
ac_cv_prog_AWK=awk
ac_cv_prog_CXXCPP='g++ -E'
ac_cv_prog_ac_ct_CC=gcc
ac_cv_prog_ac_ct_CXX=g++
ac_cv_prog_ac_ct_RANLIB=ranlib
ac_cv_prog_cc_c89=
ac_cv_prog_cc_g=yes
ac_cv_prog_cxx_g=yes
ac_cv_prog_make_make_set=yes
ac_cv_type__Bool=no
ac_cv_type_size_t=yes
am_cv_CC_dependencies_compiler_type=gcc3
am_cv_CXX_dependencies_compiler_type=gcc3
gl_cv_have_include_next=yes
gl_cv_next_unistd_h='<unistd.h>'

## ----------------- ##
## Output variables. ##
## ----------------- ##

ACLOCAL='${SHELL} /Users/corystrope/git/indel-seq-gen/missing --run aclocal-1.11'
AMDEPBACKSLASH='\'
AMDEP_FALSE='#'
AMDEP_TRUE=''
AMTAR='$${TAR-tar}'
AUTOCONF='${SHELL} /Users/corystrope/git/indel-seq-gen/missing --run autoconf'
AUTOHEADER='${SHELL} /Users/corystrope/git/indel-seq-gen/missing --run autoheader'
AUTOMAKE='${SHELL} /Users/corystrope/git/indel-seq-gen/missing --run automake-1.11'
AWK='awk'
CC='gcc'
CCDEPMODE='depmode=gcc3'
CFLAGS='-g -O2'
CPPFLAGS=''
CXX='g++'
CXXCPP='g++ -E'
CXXDEPMODE='depmode=gcc3'
CXXFLAGS='-g -O2'
CYGPATH_W='echo'
DEFS='-DHAVE_CONFIG_H'
DEPDIR='.deps'
ECHO_C='\c'
ECHO_N=''
ECHO_T=''
EGREP='/usr/bin/grep -E'
EXEEXT=''
GETOPT_H='getopt.h'
GL_COND_LIBTOOL_FALSE=''
GL_COND_LIBTOOL_TRUE='#'
GNULIB_CHOWN='0'
GNULIB_DUP2='0'
GNULIB_ENVIRON='0'
GNULIB_FCHDIR='0'
GNULIB_FTRUNCATE='0'
GNULIB_GETCWD='0'
GNULIB_GETLOGIN_R='0'
GNULIB_GETPAGESIZE='0'
GNULIB_LCHOWN='0'
GNULIB_LSEEK='0'
GNULIB_READLINK='0'
GNULIB_SLEEP='0'
GREP='/usr/bin/grep'
HAVE_DECL_ENVIRON='1'
HAVE_DECL_GETLOGIN_R='1'
HAVE_DUP2='1'
HAVE_FTRUNCATE='1'
HAVE_GETPAGESIZE='1'
HAVE_OS_H='0'
HAVE_READLINK='1'
HAVE_SLEEP='1'
HAVE_SYS_PARAM_H='0'
HAVE_UNISTD_H='1'
INCLUDE_NEXT='include_next'
INSTALL_DATA='${INSTALL} -m 644'
INSTALL_PROGRAM='${INSTALL}'
INSTALL_SCRIPT='${INSTALL}'
INSTALL_STRIP_PROGRAM='$(install_sh) -c -s'
LDFLAGS=''
LIBGNU_LIBDEPS=''
LIBGNU_LTLIBDEPS=''
LIBINTL=''
LIBOBJS=''
LIBS='-lm '
LTLIBINTL=''
LTLIBOBJS=''
MAKEINFO='${SHELL} /Users/corystrope/git/indel-seq-gen/missing --run makeinfo'
MKDIR_P='./install-sh -c -d'
NEXT_UNISTD_H='<unistd.h>'
OBJEXT='o'
PACKAGE='indel-seq-gen'
PACKAGE_BUGREPORT='corystrope@gmail.com'
PACKAGE_NAME='indel-seq-gen'
PACKAGE_STRING='indel-seq-gen 2.2.14'
PACKAGE_TARNAME='indel-seq-gen'
PACKAGE_URL=''
PACKAGE_VERSION='2.2.14'
PATH_SEPARATOR=':'
RANLIB='ranlib'
REPLACE_CHOWN='0'
REPLACE_FCHDIR='0'
REPLACE_GETCWD='0'
REPLACE_GETPAGESIZE='0'
REPLACE_LCHOWN='0'
REPLACE_LSEEK='0'
SET_MAKE=''
SHELL='/bin/sh'
STRIP=''
VERSION='2.2.14'
ac_ct_CC='gcc'
ac_ct_CXX='g++'
am__EXEEXT_FALSE=''
am__EXEEXT_TRUE='#'
am__fastdepCC_FALSE='#'
am__fastdepCC_TRUE=''
am__fastdepCXX_FALSE='#'
am__fastdepCXX_TRUE=''
am__include='include'
am__isrc=''
am__leading_dot='.'
am__nodep='_no'
am__quote=''
am__tar='$${TAR-tar} chof - "$$tardir"'
am__untar='$${TAR-tar} xf -'
bindir='${exec_prefix}/bin'
build_alias=''
datadir='${datarootdir}'
datarootdir='${prefix}/share'
docdir='${datarootdir}/doc/${PACKAGE_TARNAME}'
dvidir='${docdir}'
exec_prefix='${prefix}'
gl_LIBOBJS=' getopt.o getopt1.o'
gl_LTLIBOBJS=' getopt.lo getopt1.lo'
gltests_LIBOBJS=''
gltests_LTLIBOBJS=''
host_alias=''
htmldir='${docdir}'
includedir='${prefix}/include'
infodir='${datarootdir}/info'
install_sh='${SHELL} /Users/corystrope/git/indel-seq-gen/install-sh'
libdir='${exec_prefix}/lib'
libexecdir='${exec_prefix}/libexec'
localedir='${datarootdir}/locale'
localstatedir='${prefix}/var'
mandir='${datarootdir}/man'
mkdir_p='$(top_builddir)/./install-sh -c -d'
oldincludedir='/usr/include'
pdfdir='${docdir}'
prefix='/usr/local'
program_transform_name='s,x,x,'
psdir='${docdir}'
sbindir='${exec_prefix}/sbin'
sharedstatedir='${prefix}/com'
sysconfdir='${prefix}/etc'
target_alias=''

## ----------- ##
## confdefs.h. ##
## ----------- ##

/* confdefs.h */
#define PACKAGE_NAME "indel-seq-gen"
#define PACKAGE_TARNAME "indel-seq-gen"
#define PACKAGE_VERSION "2.2.14"
#define PACKAGE_STRING "indel-seq-gen 2.2.14"
#define PACKAGE_BUGREPORT "corystrope@gmail.com"
#define PACKAGE_URL ""
#define PACKAGE "indel-seq-gen"
#define VERSION "2.2.14"
#define HAVE_LIBM 1
#define STDC_HEADERS 1
#define HAVE_SYS_TYPES_H 1
#define HAVE_SYS_STAT_H 1
#define HAVE_STDLIB_H 1
#define HAVE_STRING_H 1
#define HAVE_MEMORY_H 1
#define HAVE_STRINGS_H 1
#define HAVE_INTTYPES_H 1
#define HAVE_STDINT_H 1
#define HAVE_UNISTD_H 1
#define HAVE_LIMITS_H 1
#define HAVE_STDLIB_H 1
#define HAVE_STRING_H 1
#define HAVE_UNISTD_H 1
#define HAVE_GETOPT_H 1
#define HAVE_GETOPT_H 1
#define HAVE_GETOPT_LONG_ONLY 1
#define HAVE_DECL_GETENV 1
#define HAVE_INCLUDE_NEXT 1
#define HAVE_UNISTD_H 1
#define __GETOPT_PREFIX rpl_
#define HAVE_STDBOOL_H 1
#define HAVE_STDLIB_H 1
#define HAVE_MALLOC 1
#define HAVE_POW 1
#define HAVE_SQRT 1

configure: exit 0

## ---------------------- ##
## Running config.status. ##
## ---------------------- ##

This file was extended by indel-seq-gen config.status 2.2.14, which was
generated by GNU Autoconf 2.68.  Invocation command line was

  CONFIG_FILES    = 
  CONFIG_HEADERS  = 
  CONFIG_LINKS    = 
  CONFIG_COMMANDS = 
  $ ./config.status config.h

on Corys-MacBook-Pro.local

config.status:929: creating config.h
config.status:1110: config.h is unchanged
